[debug] [2023-11-20T07:43:05.581Z] ----------------------------------------------------------------------
[debug] [2023-11-20T07:43:05.595Z] Command:       C:\Program Files\nodejs\node.exe C:\Users\DELL\AppData\Roaming\npm\node_modules\firebase-tools\lib\bin\firebase.js init
[debug] [2023-11-20T07:43:05.596Z] CLI Version:   12.9.1
[debug] [2023-11-20T07:43:05.596Z] Platform:      win32
[debug] [2023-11-20T07:43:05.596Z] Node Version:  v20.9.0
[debug] [2023-11-20T07:43:05.597Z] Time:          Mon Nov 20 2023 13:13:05 GMT+0530 (India Standard Time)
[debug] [2023-11-20T07:43:05.597Z] ----------------------------------------------------------------------
[debug] 
[debug] [2023-11-20T07:43:05.601Z] >>> [apiv2][query] GET https://firebase-public.firebaseio.com/cli.json [none]
[debug] [2023-11-20T07:43:05.706Z] > command requires scopes: ["email","openid","https://www.googleapis.com/auth/cloudplatformprojects.readonly","https://www.googleapis.com/auth/firebase","https://www.googleapis.com/auth/cloud-platform"]
[debug] [2023-11-20T07:43:05.707Z] > authorizing via signed-in user (kellatirupathirao049@gmail.com)
[info] 
     ######## #### ########  ######## ########     ###     ######  ########
     ##        ##  ##     ## ##       ##     ##  ##   ##  ##       ##
     ######    ##  ########  ######   ########  #########  ######  ######
     ##        ##  ##    ##  ##       ##     ## ##     ##       ## ##
     ##       #### ##     ## ######## ########  ##     ##  ######  ########

You're about to initialize a Firebase project in this directory:

  F:\Edyoda assignments\normal coding\coding1\Firebase1\BedForm\bedcatform

[debug] [2023-11-20T07:43:06.539Z] <<< [apiv2][status] GET https://firebase-public.firebaseio.com/cli.json 200
[debug] [2023-11-20T07:43:06.541Z] <<< [apiv2][body] GET https://firebase-public.firebaseio.com/cli.json {"cloudBuildErrorAfter":1594252800000,"cloudBuildWarnAfter":1590019200000,"defaultNode10After":1594252800000,"minVersion":"3.0.5","node8DeploysDisabledAfter":1613390400000,"node8RuntimeDisabledAfter":1615809600000,"node8WarnAfter":1600128000000}
[info] 
=== Project Setup
[info] 
[info] First, let's associate this project directory with a Firebase project.
[info] You can create multiple project aliases by running firebase use --add, 
[info] but for now we'll just set up a default project.
[info] 
[debug] [2023-11-20T07:43:19.885Z] > refreshing access token with scopes: []
[debug] [2023-11-20T07:43:19.886Z] >>> [apiv2][query] POST https://www.googleapis.com/oauth2/v3/token [none]
[debug] [2023-11-20T07:43:19.887Z] >>> [apiv2][body] POST https://www.googleapis.com/oauth2/v3/token [omitted]
[debug] [2023-11-20T07:43:20.075Z] <<< [apiv2][status] POST https://www.googleapis.com/oauth2/v3/token 200
[debug] [2023-11-20T07:43:20.076Z] <<< [apiv2][body] POST https://www.googleapis.com/oauth2/v3/token [omitted]
[debug] [2023-11-20T07:43:20.091Z] >>> [apiv2][query] GET https://firebase.googleapis.com/v1beta1/projects pageSize=100
[debug] [2023-11-20T07:43:20.733Z] <<< [apiv2][status] GET https://firebase.googleapis.com/v1beta1/projects 200
[debug] [2023-11-20T07:43:20.733Z] <<< [apiv2][body] GET https://firebase.googleapis.com/v1beta1/projects [omitted]
[info] i  Using project bedcayform (Bedcayform) 
[info] 
=== Hosting Setup
[debug] [2023-11-20T07:43:34.275Z] >>> [apiv2][query] GET https://firebase.googleapis.com/v1beta1/projects/bedcayform [none]
[debug] [2023-11-20T07:43:34.643Z] <<< [apiv2][status] GET https://firebase.googleapis.com/v1beta1/projects/bedcayform 200
[debug] [2023-11-20T07:43:34.643Z] <<< [apiv2][body] GET https://firebase.googleapis.com/v1beta1/projects/bedcayform {"projectId":"bedcayform","projectNumber":"302149282934","displayName":"Bedcayform","name":"projects/bedcayform","resources":{"hostingSite":"bedcayform","realtimeDatabaseInstance":"bedcayform-default-rtdb","storageBucket":"bedcayform.appspot.com","locationId":"us-central"},"state":"ACTIVE","etag":"1_8c741dbe-b200-4091-bd43-f154297378df"}
[info] 
[info] Your public directory is the folder (relative to your project directory) that
[info] will contain Hosting assets to be uploaded with firebase deploy. If you
[info] have a build process for your assets, use your build's output directory.
[info] 
